<?xml version="1.0" encoding="UTF-8"?>
<!-- Generated by org.testng.reporters.JUnitXMLReporter -->
<testsuite ignored="0" hostname="TSLC1588" failures="1" tests="5" name="Default test" time="19.447" errors="0" timestamp="2022-07-11T09:47:28 IST">
  <testcase classname="io.cucumber.testng.AbstractTestNGCucumberTests" name="runScenario" time="8.146"/>
  <testcase classname="io.cucumber.testng.AbstractTestNGCucumberTests" name="runScenario" time="3.621"/>
  <testcase classname="io.cucumber.testng.AbstractTestNGCucumberTests" name="runScenario" time="3.631"/>
  <testcase classname="io.cucumber.testng.AbstractTestNGCucumberTests" name="runScenario" time="2.71"/>
  <testcase classname="io.cucumber.testng.AbstractTestNGCucumberTests" name="runScenario" time="0.424">
    <failure type="java.lang.RuntimeException" message="route_searchProduct not specified in the properties file.">
      <![CDATA[java.lang.RuntimeException: route_searchProduct not specified in the properties file.
at services.ConfigReader.getPropertyValue(ConfigReader.java:77)
at pages.HomePage.searchWrongProduct(HomePage.java:54)
at stepDef.HomeDef.enters_wrong_product_name_into_searchbox(HomeDef.java:45)
at âœ½.enters wrong product name into searchbox(classpath:features/searchWrongProduct.feature:8)
]]>
    </failure>
  </testcase> <!-- runScenario -->
</testsuite> <!-- Default test -->
